<?xml version="1.0" encoding="UTF-8"?>
<testng-results skipped="0" failed="0" ignored="0" total="4" passed="4">
  <reporter-output>
  </reporter-output>
  <suite name="Default suite" duration-ms="30258" started-at="2020-10-22T22:44:32 EDT" finished-at="2020-10-22T22:45:02 EDT">
    <groups>
    </groups>
    <test name="Default test" duration-ms="30258" started-at="2020-10-22T22:44:32 EDT" finished-at="2020-10-22T22:45:02 EDT">
      <class name="com.qa.ispeakbetter.test.HomePageTest">
        <test-method status="PASS" signature="setUp()[pri:0, instance:com.qa.ispeakbetter.test.HomePageTest@3fd7a715]" name="setUp" is-config="true" duration-ms="4255" started-at="2020-10-22T22:44:32 EDT" finished-at="2020-10-22T22:44:36 EDT">
          <reporter-output>
          </reporter-output>
        </test-method> <!-- setUp -->
        <test-method status="PASS" signature="verifyPageTitleTest1()[pri:1, instance:com.qa.ispeakbetter.test.HomePageTest@3fd7a715]" name="verifyPageTitleTest1" duration-ms="5022" started-at="2020-10-22T22:44:36 EDT" finished-at="2020-10-22T22:44:41 EDT">
          <reporter-output>
          </reporter-output>
        </test-method> <!-- verifyPageTitleTest1 -->
        <test-method status="PASS" signature="verifyHomPageHeaderTest()[pri:2, instance:com.qa.ispeakbetter.test.HomePageTest@3fd7a715]" name="verifyHomPageHeaderTest" duration-ms="32" started-at="2020-10-22T22:44:41 EDT" finished-at="2020-10-22T22:44:41 EDT">
          <reporter-output>
          </reporter-output>
        </test-method> <!-- verifyHomPageHeaderTest -->
        <test-method status="PASS" signature="ChatBoxOpenTest()[pri:3, instance:com.qa.ispeakbetter.test.HomePageTest@3fd7a715]" name="ChatBoxOpenTest" duration-ms="735" started-at="2020-10-22T22:44:41 EDT" finished-at="2020-10-22T22:44:42 EDT">
          <reporter-output>
          </reporter-output>
        </test-method> <!-- ChatBoxOpenTest -->
        <test-method status="PASS" signature="chatBoxCloseTest()[pri:4, instance:com.qa.ispeakbetter.test.HomePageTest@3fd7a715]" name="chatBoxCloseTest" duration-ms="20079" started-at="2020-10-22T22:44:42 EDT" finished-at="2020-10-22T22:45:02 EDT">
          <reporter-output>
          </reporter-output>
        </test-method> <!-- chatBoxCloseTest -->
        <test-method status="PASS" signature="tearDown()[pri:0, instance:com.qa.ispeakbetter.test.HomePageTest@3fd7a715]" name="tearDown" is-config="true" duration-ms="104" started-at="2020-10-22T22:45:02 EDT" finished-at="2020-10-22T22:45:02 EDT">
          <reporter-output>
          </reporter-output>
        </test-method> <!-- tearDown -->
      </class> <!-- com.qa.ispeakbetter.test.HomePageTest -->
    </test> <!-- Default test -->
  </suite> <!-- Default suite -->
</testng-results>
