<?xml version="1.0" encoding="UTF-8"?>
<!-- Generated by org.testng.reporters.JUnitXMLReporter -->
<testsuite hostname="Mohannas-MBP.home" ignored="0" name="Default test" tests="4" failures="0" timestamp="2020-10-22T22:45:02 EDT" time="30.258" errors="0">
  <testcase name="verifyPageTitleTest1" time="5.022" classname="com.qa.ispeakbetter.test.HomePageTest"/>
  <testcase name="verifyHomPageHeaderTest" time="0.032" classname="com.qa.ispeakbetter.test.HomePageTest"/>
  <testcase name="ChatBoxOpenTest" time="0.735" classname="com.qa.ispeakbetter.test.HomePageTest"/>
  <testcase name="chatBoxCloseTest" time="20.079" classname="com.qa.ispeakbetter.test.HomePageTest"/>
</testsuite> <!-- Default test -->
